<?xml version="1.0" encoding="UTF-8"?>
<!-- Generated by org.testng.reporters.JUnitReportReporter -->
<testsuite hostname="cwallin-ThinkPad-X230" name="com.facebook.presto.tests.hive.TestInsertIntoHiveTable" tests="2" failures="1" timestamp="5 Feb 2016 16:25:31 GMT" time="3.433" errors="0">
  <testcase name="testInsertIntoValuesToHiveTableAllHiveSimpleTypesKnownToPresto" time="1.687" classname="com.facebook.presto.tests.hive.TestInsertIntoHiveTable"/>
  <testcase name="testInsertIntoSelectToHiveTableAllHiveSimpleTypesKnownToPresto" time="1.746" classname="com.facebook.presto.tests.hive.TestInsertIntoHiveTable">
    <failure type="java.lang.AssertionError" message="Could not find rows:
[127, 32767, 2147483647, 9223372036854775807, 123.34500122070312, 234.567, 2015-05-10 12:15:35.123, 2015-05-10, ala ma kota, ala ma kot, ala ma    , true, [B@3533ef06]

actual rows:
[127, 32767, 2147483647, 9223372036854775807, 123.34500122070312, 234.567, 2015-05-10 16:15:35.123, 2015-05-10, ala ma kota, ala ma kot, ala ma    , true, [B@99e4f41]">
      <![CDATA[java.lang.AssertionError: Could not find rows:
[127, 32767, 2147483647, 9223372036854775807, 123.34500122070312, 234.567, 2015-05-10 12:15:35.123, 2015-05-10, ala ma kota, ala ma kot, ala ma    , true, [B@3533ef06]

actual rows:
[127, 32767, 2147483647, 9223372036854775807, 123.34500122070312, 234.567, 2015-05-10 16:15:35.123, 2015-05-10, ala ma kota, ala ma kot, ala ma    , true, [B@99e4f41]
	at org.assertj.core.api.AbstractAssert.failWithMessage(AbstractAssert.java:114)
	at com.teradata.tempto.assertions.QueryAssert.contains(QueryAssert.java:173)
	at com.teradata.tempto.assertions.QueryAssert.containsOnly(QueryAssert.java:197)
	at com.teradata.tempto.assertions.QueryAssert.containsOnly(QueryAssert.java:209)
	at com.facebook.presto.tests.hive.TestInsertIntoHiveTable.testInsertIntoSelectToHiveTableAllHiveSimpleTypesKnownToPresto(TestInsertIntoHiveTable.java:177)
	at sun.reflect.NativeMethodAccessorImpl.invoke0(Native Method)
	at sun.reflect.NativeMethodAccessorImpl.invoke(NativeMethodAccessorImpl.java:62)
	at sun.reflect.DelegatingMethodAccessorImpl.invoke(DelegatingMethodAccessorImpl.java:43)
	at java.lang.reflect.Method.invoke(Method.java:483)
	at org.testng.internal.MethodInvocationHelper.invokeMethod(MethodInvocationHelper.java:85)
	at org.testng.internal.Invoker.invokeMethod(Invoker.java:639)
	at org.testng.internal.Invoker.invokeTestMethod(Invoker.java:821)
	at org.testng.internal.Invoker.invokeTestMethods(Invoker.java:1131)
	at org.testng.internal.TestMethodWorker.invokeTestMethods(TestMethodWorker.java:124)
	at org.testng.internal.TestMethodWorker.run(TestMethodWorker.java:108)
	at org.testng.TestRunner.privateRun(TestRunner.java:773)
	at org.testng.TestRunner.run(TestRunner.java:623)
	at org.testng.SuiteRunner.runTest(SuiteRunner.java:357)
	at org.testng.SuiteRunner.runSequentially(SuiteRunner.java:352)
	at org.testng.SuiteRunner.privateRun(SuiteRunner.java:310)
	at org.testng.SuiteRunner.run(SuiteRunner.java:259)
	at org.testng.SuiteRunnerWorker.runSuite(SuiteRunnerWorker.java:52)
	at org.testng.SuiteRunnerWorker.run(SuiteRunnerWorker.java:86)
	at org.testng.TestNG.runSuitesSequentially(TestNG.java:1185)
	at org.testng.TestNG.runSuitesLocally(TestNG.java:1110)
	at org.testng.TestNG.run(TestNG.java:1018)
	at com.teradata.tempto.runner.TemptoRunner.run(TemptoRunner.java:82)
	at com.teradata.tempto.runner.TemptoRunner.runTempto(TemptoRunner.java:59)
	at com.teradata.tempto.runner.TemptoRunner.runTempto(TemptoRunner.java:47)
	at com.facebook.presto.tests.TemptoProductTestRunner.main(TemptoProductTestRunner.java:29)
]]>
    </failure>
  </testcase> <!-- testInsertIntoSelectToHiveTableAllHiveSimpleTypesKnownToPresto -->
</testsuite> <!-- com.facebook.presto.tests.hive.TestInsertIntoHiveTable -->
